2020-06-20 11:42:27,100 ERROR [errorlog] nu.xom.IllegalCharacterDataException: 0x8 is not allowed in XML content
nu.xom.IllegalCharacterDataException: 0x8 is not allowed in XML content
	at nu.xom.Verifier.throwIllegalCharacterDataException(Verifier.java:154)
	at nu.xom.Verifier.checkPCDATA(Verifier.java:205)
	at nu.xom.Text._setValue(Text.java:126)
	at nu.xom.Text.<init>(Text.java:62)
	at nu.xom.Element.appendChild(Element.java:1069)
	at com.eviware.soapui.impl.rest.support.handlers.JsonXmlSerializer.processJSONValue(JsonXmlSerializer.java:1050)
	at com.eviware.soapui.impl.rest.support.handlers.JsonXmlSerializer.processJSONObject(JsonXmlSerializer.java:1011)
	at com.eviware.soapui.impl.rest.support.handlers.JsonXmlSerializer.processJSONValue(JsonXmlSerializer.java:1060)
	at com.eviware.soapui.impl.rest.support.handlers.JsonXmlSerializer.processJSONArray(JsonXmlSerializer.java:934)
	at com.eviware.soapui.impl.rest.support.handlers.JsonXmlSerializer.write(JsonXmlSerializer.java:621)
	at com.eviware.soapui.impl.rest.support.handlers.JsonXmlSerializer.write(JsonXmlSerializer.java:599)
	at com.eviware.soapui.impl.rest.support.handlers.JsonMediaTypeHandler.createXmlRepresentation(JsonMediaTypeHandler.java:61)
	at com.eviware.soapui.impl.wsdl.submit.transports.http.BaseHttpResponse.getContentAsXml(BaseHttpResponse.java:382)
	at com.eviware.soapui.impl.wsdl.teststeps.RestTestRequestStep.propertyChange(RestTestRequestStep.java:431)
	at java.beans.PropertyChangeSupport.fire(Unknown Source)
	at java.beans.PropertyChangeSupport.firePropertyChange(Unknown Source)
	at java.beans.PropertyChangeSupport.firePropertyChange(Unknown Source)
	at com.eviware.soapui.model.support.AbstractModelItem.notifyPropertyChanged(AbstractModelItem.java:71)
	at com.eviware.soapui.impl.support.AbstractHttpRequest.setResponse(AbstractHttpRequest.java:795)
	at com.eviware.soapui.impl.wsdl.teststeps.RestTestRequest.setResponse(RestTestRequest.java:127)
	at com.eviware.soapui.impl.wsdl.teststeps.RestTestRequestStep.run(RestTestRequestStep.java:810)
	at com.eviware.soapui.impl.wsdl.support.AbstractTestCaseRunner.runTestStep(AbstractTestCaseRunner.java:211)
	at com.eviware.soapui.impl.wsdl.testcase.WsdlTestCaseRunner.runCurrentTestStep(WsdlTestCaseRunner.java:47)
	at com.eviware.soapui.impl.wsdl.support.AbstractTestCaseRunner.internalRun(AbstractTestCaseRunner.java:138)
	at com.eviware.soapui.impl.wsdl.support.AbstractTestCaseRunner.internalRun(AbstractTestCaseRunner.java:46)
	at com.eviware.soapui.impl.wsdl.support.AbstractTestRunner.run(AbstractTestRunner.java:128)
	at com.eviware.soapui.impl.wsdl.support.AbstractTestRunner.start(AbstractTestRunner.java:76)
	at com.eviware.soapui.impl.wsdl.testcase.WsdlTestCase.run(WsdlTestCase.java:594)
	at restRunner.SoapTest(restRunner.java:35)
	at sun.reflect.NativeMethodAccessorImpl.invoke0(Native Method)
	at sun.reflect.NativeMethodAccessorImpl.invoke(Unknown Source)
	at sun.reflect.DelegatingMethodAccessorImpl.invoke(Unknown Source)
	at java.lang.reflect.Method.invoke(Unknown Source)
	at org.testng.internal.MethodInvocationHelper.invokeMethod(MethodInvocationHelper.java:80)
	at org.testng.internal.Invoker.invokeMethod(Invoker.java:715)
	at org.testng.internal.Invoker.invokeTestMethod(Invoker.java:907)
	at org.testng.internal.Invoker.invokeTestMethods(Invoker.java:1237)
	at org.testng.internal.TestMethodWorker.invokeTestMethods(TestMethodWorker.java:127)
	at org.testng.internal.TestMethodWorker.run(TestMethodWorker.java:111)
	at org.testng.TestRunner.privateRun(TestRunner.java:767)
	at org.testng.TestRunner.run(TestRunner.java:617)
	at org.testng.SuiteRunner.runTest(SuiteRunner.java:334)
	at org.testng.SuiteRunner.runSequentially(SuiteRunner.java:329)
	at org.testng.SuiteRunner.privateRun(SuiteRunner.java:291)
	at org.testng.SuiteRunner.run(SuiteRunner.java:240)
	at org.testng.SuiteRunnerWorker.runSuite(SuiteRunnerWorker.java:51)
	at org.testng.SuiteRunnerWorker.run(SuiteRunnerWorker.java:85)
	at org.testng.TestNG.runSuitesSequentially(TestNG.java:1197)
	at org.testng.TestNG.runSuitesLocally(TestNG.java:1122)
	at org.testng.TestNG.run(TestNG.java:1030)
	at org.testng.remote.AbstractRemoteTestNG.run(AbstractRemoteTestNG.java:115)
	at org.testng.remote.RemoteTestNG.initAndRun(RemoteTestNG.java:251)
	at org.testng.remote.RemoteTestNG.main(RemoteTestNG.java:77)
2020-06-20 11:59:21,968 ERROR [errorlog] nu.xom.IllegalCharacterDataException: 0x8 is not allowed in XML content
nu.xom.IllegalCharacterDataException: 0x8 is not allowed in XML content
	at nu.xom.Verifier.throwIllegalCharacterDataException(Verifier.java:154)
	at nu.xom.Verifier.checkPCDATA(Verifier.java:205)
	at nu.xom.Text._setValue(Text.java:126)
	at nu.xom.Text.<init>(Text.java:62)
	at nu.xom.Element.appendChild(Element.java:1069)
	at com.eviware.soapui.impl.rest.support.handlers.JsonXmlSerializer.processJSONValue(JsonXmlSerializer.java:1050)
	at com.eviware.soapui.impl.rest.support.handlers.JsonXmlSerializer.processJSONObject(JsonXmlSerializer.java:1011)
	at com.eviware.soapui.impl.rest.support.handlers.JsonXmlSerializer.processJSONValue(JsonXmlSerializer.java:1060)
	at com.eviware.soapui.impl.rest.support.handlers.JsonXmlSerializer.processJSONArray(JsonXmlSerializer.java:934)
	at com.eviware.soapui.impl.rest.support.handlers.JsonXmlSerializer.write(JsonXmlSerializer.java:621)
	at com.eviware.soapui.impl.rest.support.handlers.JsonXmlSerializer.write(JsonXmlSerializer.java:599)
	at com.eviware.soapui.impl.rest.support.handlers.JsonMediaTypeHandler.createXmlRepresentation(JsonMediaTypeHandler.java:61)
	at com.eviware.soapui.impl.wsdl.submit.transports.http.BaseHttpResponse.getContentAsXml(BaseHttpResponse.java:382)
	at com.eviware.soapui.impl.wsdl.teststeps.RestTestRequestStep.propertyChange(RestTestRequestStep.java:431)
	at java.beans.PropertyChangeSupport.fire(Unknown Source)
	at java.beans.PropertyChangeSupport.firePropertyChange(Unknown Source)
	at java.beans.PropertyChangeSupport.firePropertyChange(Unknown Source)
	at com.eviware.soapui.model.support.AbstractModelItem.notifyPropertyChanged(AbstractModelItem.java:71)
	at com.eviware.soapui.impl.support.AbstractHttpRequest.setResponse(AbstractHttpRequest.java:795)
	at com.eviware.soapui.impl.wsdl.teststeps.RestTestRequest.setResponse(RestTestRequest.java:127)
	at com.eviware.soapui.impl.wsdl.teststeps.RestTestRequestStep.run(RestTestRequestStep.java:810)
	at com.eviware.soapui.impl.wsdl.support.AbstractTestCaseRunner.runTestStep(AbstractTestCaseRunner.java:211)
	at com.eviware.soapui.impl.wsdl.testcase.WsdlTestCaseRunner.runCurrentTestStep(WsdlTestCaseRunner.java:47)
	at com.eviware.soapui.impl.wsdl.support.AbstractTestCaseRunner.internalRun(AbstractTestCaseRunner.java:138)
	at com.eviware.soapui.impl.wsdl.support.AbstractTestCaseRunner.internalRun(AbstractTestCaseRunner.java:46)
	at com.eviware.soapui.impl.wsdl.support.AbstractTestRunner.run(AbstractTestRunner.java:128)
	at com.eviware.soapui.impl.wsdl.support.AbstractTestRunner.start(AbstractTestRunner.java:76)
	at com.eviware.soapui.impl.wsdl.testcase.WsdlTestCase.run(WsdlTestCase.java:594)
	at Rest.restRunner.SoapTest(restRunner.java:36)
	at sun.reflect.NativeMethodAccessorImpl.invoke0(Native Method)
	at sun.reflect.NativeMethodAccessorImpl.invoke(Unknown Source)
	at sun.reflect.DelegatingMethodAccessorImpl.invoke(Unknown Source)
	at java.lang.reflect.Method.invoke(Unknown Source)
	at org.testng.internal.MethodInvocationHelper.invokeMethod(MethodInvocationHelper.java:80)
	at org.testng.internal.Invoker.invokeMethod(Invoker.java:715)
	at org.testng.internal.Invoker.invokeTestMethod(Invoker.java:907)
	at org.testng.internal.Invoker.invokeTestMethods(Invoker.java:1237)
	at org.testng.internal.TestMethodWorker.invokeTestMethods(TestMethodWorker.java:127)
	at org.testng.internal.TestMethodWorker.run(TestMethodWorker.java:111)
	at org.testng.TestRunner.privateRun(TestRunner.java:767)
	at org.testng.TestRunner.run(TestRunner.java:617)
	at org.testng.SuiteRunner.runTest(SuiteRunner.java:334)
	at org.testng.SuiteRunner.runSequentially(SuiteRunner.java:329)
	at org.testng.SuiteRunner.privateRun(SuiteRunner.java:291)
	at org.testng.SuiteRunner.run(SuiteRunner.java:240)
	at org.testng.SuiteRunnerWorker.runSuite(SuiteRunnerWorker.java:51)
	at org.testng.SuiteRunnerWorker.run(SuiteRunnerWorker.java:85)
	at org.testng.TestNG.runSuitesSequentially(TestNG.java:1197)
	at org.testng.TestNG.runSuitesLocally(TestNG.java:1122)
	at org.testng.TestNG.run(TestNG.java:1030)
	at org.testng.remote.AbstractRemoteTestNG.run(AbstractRemoteTestNG.java:115)
	at org.testng.remote.RemoteTestNG.initAndRun(RemoteTestNG.java:251)
	at org.testng.remote.RemoteTestNG.main(RemoteTestNG.java:77)
2020-06-20 12:17:34,921 ERROR [errorlog] nu.xom.IllegalCharacterDataException: 0x8 is not allowed in XML content
nu.xom.IllegalCharacterDataException: 0x8 is not allowed in XML content
	at nu.xom.Verifier.throwIllegalCharacterDataException(Verifier.java:154)
	at nu.xom.Verifier.checkPCDATA(Verifier.java:205)
	at nu.xom.Text._setValue(Text.java:126)
	at nu.xom.Text.<init>(Text.java:62)
	at nu.xom.Element.appendChild(Element.java:1069)
	at com.eviware.soapui.impl.rest.support.handlers.JsonXmlSerializer.processJSONValue(JsonXmlSerializer.java:1050)
	at com.eviware.soapui.impl.rest.support.handlers.JsonXmlSerializer.processJSONObject(JsonXmlSerializer.java:1011)
	at com.eviware.soapui.impl.rest.support.handlers.JsonXmlSerializer.processJSONValue(JsonXmlSerializer.java:1060)
	at com.eviware.soapui.impl.rest.support.handlers.JsonXmlSerializer.processJSONArray(JsonXmlSerializer.java:934)
	at com.eviware.soapui.impl.rest.support.handlers.JsonXmlSerializer.write(JsonXmlSerializer.java:621)
	at com.eviware.soapui.impl.rest.support.handlers.JsonXmlSerializer.write(JsonXmlSerializer.java:599)
	at com.eviware.soapui.impl.rest.support.handlers.JsonMediaTypeHandler.createXmlRepresentation(JsonMediaTypeHandler.java:61)
	at com.eviware.soapui.impl.wsdl.submit.transports.http.BaseHttpResponse.getContentAsXml(BaseHttpResponse.java:382)
	at com.eviware.soapui.impl.wsdl.teststeps.RestTestRequestStep.propertyChange(RestTestRequestStep.java:431)
	at java.beans.PropertyChangeSupport.fire(Unknown Source)
	at java.beans.PropertyChangeSupport.firePropertyChange(Unknown Source)
	at java.beans.PropertyChangeSupport.firePropertyChange(Unknown Source)
	at com.eviware.soapui.model.support.AbstractModelItem.notifyPropertyChanged(AbstractModelItem.java:71)
	at com.eviware.soapui.impl.support.AbstractHttpRequest.setResponse(AbstractHttpRequest.java:795)
	at com.eviware.soapui.impl.wsdl.teststeps.RestTestRequest.setResponse(RestTestRequest.java:127)
	at com.eviware.soapui.impl.wsdl.teststeps.RestTestRequestStep.run(RestTestRequestStep.java:810)
	at com.eviware.soapui.impl.wsdl.support.AbstractTestCaseRunner.runTestStep(AbstractTestCaseRunner.java:211)
	at com.eviware.soapui.impl.wsdl.testcase.WsdlTestCaseRunner.runCurrentTestStep(WsdlTestCaseRunner.java:47)
	at com.eviware.soapui.impl.wsdl.support.AbstractTestCaseRunner.internalRun(AbstractTestCaseRunner.java:138)
	at com.eviware.soapui.impl.wsdl.support.AbstractTestCaseRunner.internalRun(AbstractTestCaseRunner.java:46)
	at com.eviware.soapui.impl.wsdl.support.AbstractTestRunner.run(AbstractTestRunner.java:128)
	at com.eviware.soapui.impl.wsdl.support.AbstractTestRunner.start(AbstractTestRunner.java:76)
	at com.eviware.soapui.impl.wsdl.testcase.WsdlTestCase.run(WsdlTestCase.java:594)
	at Rest.restRunner.SoapTest(restRunner.java:36)
	at sun.reflect.NativeMethodAccessorImpl.invoke0(Native Method)
	at sun.reflect.NativeMethodAccessorImpl.invoke(Unknown Source)
	at sun.reflect.DelegatingMethodAccessorImpl.invoke(Unknown Source)
	at java.lang.reflect.Method.invoke(Unknown Source)
	at org.testng.internal.MethodInvocationHelper.invokeMethod(MethodInvocationHelper.java:80)
	at org.testng.internal.Invoker.invokeMethod(Invoker.java:715)
	at org.testng.internal.Invoker.invokeTestMethod(Invoker.java:907)
	at org.testng.internal.Invoker.invokeTestMethods(Invoker.java:1237)
	at org.testng.internal.TestMethodWorker.invokeTestMethods(TestMethodWorker.java:127)
	at org.testng.internal.TestMethodWorker.run(TestMethodWorker.java:111)
	at org.testng.TestRunner.privateRun(TestRunner.java:767)
	at org.testng.TestRunner.run(TestRunner.java:617)
	at org.testng.SuiteRunner.runTest(SuiteRunner.java:334)
	at org.testng.SuiteRunner.runSequentially(SuiteRunner.java:329)
	at org.testng.SuiteRunner.privateRun(SuiteRunner.java:291)
	at org.testng.SuiteRunner.run(SuiteRunner.java:240)
	at org.testng.SuiteRunnerWorker.runSuite(SuiteRunnerWorker.java:51)
	at org.testng.SuiteRunnerWorker.run(SuiteRunnerWorker.java:85)
	at org.testng.TestNG.runSuitesSequentially(TestNG.java:1197)
	at org.testng.TestNG.runSuitesLocally(TestNG.java:1122)
	at org.testng.TestNG.run(TestNG.java:1030)
	at org.testng.TestNG.privateMain(TestNG.java:1337)
	at org.testng.TestNG.main(TestNG.java:1306)
2020-06-20 13:33:06,172 ERROR [errorlog] nu.xom.IllegalCharacterDataException: 0x8 is not allowed in XML content
nu.xom.IllegalCharacterDataException: 0x8 is not allowed in XML content
	at nu.xom.Verifier.throwIllegalCharacterDataException(Verifier.java:154)
	at nu.xom.Verifier.checkPCDATA(Verifier.java:205)
	at nu.xom.Text._setValue(Text.java:126)
	at nu.xom.Text.<init>(Text.java:62)
	at nu.xom.Element.appendChild(Element.java:1069)
	at com.eviware.soapui.impl.rest.support.handlers.JsonXmlSerializer.processJSONValue(JsonXmlSerializer.java:1050)
	at com.eviware.soapui.impl.rest.support.handlers.JsonXmlSerializer.processJSONObject(JsonXmlSerializer.java:1011)
	at com.eviware.soapui.impl.rest.support.handlers.JsonXmlSerializer.processJSONValue(JsonXmlSerializer.java:1060)
	at com.eviware.soapui.impl.rest.support.handlers.JsonXmlSerializer.processJSONArray(JsonXmlSerializer.java:934)
	at com.eviware.soapui.impl.rest.support.handlers.JsonXmlSerializer.write(JsonXmlSerializer.java:621)
	at com.eviware.soapui.impl.rest.support.handlers.JsonXmlSerializer.write(JsonXmlSerializer.java:599)
	at com.eviware.soapui.impl.rest.support.handlers.JsonMediaTypeHandler.createXmlRepresentation(JsonMediaTypeHandler.java:61)
	at com.eviware.soapui.impl.wsdl.submit.transports.http.BaseHttpResponse.getContentAsXml(BaseHttpResponse.java:382)
	at com.eviware.soapui.impl.wsdl.teststeps.RestTestRequestStep.propertyChange(RestTestRequestStep.java:431)
	at java.beans.PropertyChangeSupport.fire(Unknown Source)
	at java.beans.PropertyChangeSupport.firePropertyChange(Unknown Source)
	at java.beans.PropertyChangeSupport.firePropertyChange(Unknown Source)
	at com.eviware.soapui.model.support.AbstractModelItem.notifyPropertyChanged(AbstractModelItem.java:71)
	at com.eviware.soapui.impl.support.AbstractHttpRequest.setResponse(AbstractHttpRequest.java:795)
	at com.eviware.soapui.impl.wsdl.teststeps.RestTestRequest.setResponse(RestTestRequest.java:127)
	at com.eviware.soapui.impl.wsdl.teststeps.RestTestRequestStep.run(RestTestRequestStep.java:810)
	at com.eviware.soapui.impl.wsdl.support.AbstractTestCaseRunner.runTestStep(AbstractTestCaseRunner.java:211)
	at com.eviware.soapui.impl.wsdl.testcase.WsdlTestCaseRunner.runCurrentTestStep(WsdlTestCaseRunner.java:47)
	at com.eviware.soapui.impl.wsdl.support.AbstractTestCaseRunner.internalRun(AbstractTestCaseRunner.java:138)
	at com.eviware.soapui.impl.wsdl.support.AbstractTestCaseRunner.internalRun(AbstractTestCaseRunner.java:46)
	at com.eviware.soapui.impl.wsdl.support.AbstractTestRunner.run(AbstractTestRunner.java:128)
	at com.eviware.soapui.impl.wsdl.support.AbstractTestRunner.start(AbstractTestRunner.java:76)
	at com.eviware.soapui.impl.wsdl.testcase.WsdlTestCase.run(WsdlTestCase.java:594)
	at Rest.restRunner.SoapTest(restRunner.java:36)
	at sun.reflect.NativeMethodAccessorImpl.invoke0(Native Method)
	at sun.reflect.NativeMethodAccessorImpl.invoke(Unknown Source)
	at sun.reflect.DelegatingMethodAccessorImpl.invoke(Unknown Source)
	at java.lang.reflect.Method.invoke(Unknown Source)
	at org.testng.internal.MethodInvocationHelper.invokeMethod(MethodInvocationHelper.java:80)
	at org.testng.internal.Invoker.invokeMethod(Invoker.java:715)
	at org.testng.internal.Invoker.invokeTestMethod(Invoker.java:907)
	at org.testng.internal.Invoker.invokeTestMethods(Invoker.java:1237)
	at org.testng.internal.TestMethodWorker.invokeTestMethods(TestMethodWorker.java:127)
	at org.testng.internal.TestMethodWorker.run(TestMethodWorker.java:111)
	at org.testng.TestRunner.privateRun(TestRunner.java:767)
	at org.testng.TestRunner.run(TestRunner.java:617)
	at org.testng.SuiteRunner.runTest(SuiteRunner.java:334)
	at org.testng.SuiteRunner.runSequentially(SuiteRunner.java:329)
	at org.testng.SuiteRunner.privateRun(SuiteRunner.java:291)
	at org.testng.SuiteRunner.run(SuiteRunner.java:240)
	at org.testng.SuiteRunnerWorker.runSuite(SuiteRunnerWorker.java:51)
	at org.testng.SuiteRunnerWorker.run(SuiteRunnerWorker.java:85)
	at org.testng.TestNG.runSuitesSequentially(TestNG.java:1197)
	at org.testng.TestNG.runSuitesLocally(TestNG.java:1122)
	at org.testng.TestNG.run(TestNG.java:1030)
	at org.testng.TestNG.privateMain(TestNG.java:1337)
	at org.testng.TestNG.main(TestNG.java:1306)
